<?xml version="1.0" encoding="UTF-8"?>
<coverage generated="1742813758044" clover="3.2.0">
  <project timestamp="1742813758044" name="All files">
    <metrics statements="209" coveredstatements="208" conditionals="136" coveredconditionals="129" methods="25" coveredmethods="25" elements="370" coveredelements="362" complexity="0" loc="209" ncloc="209" packages="19" files="19" classes="19"/>
    <package name="arrays.chunk">
      <metrics statements="20" coveredstatements="20" conditionals="11" coveredconditionals="11" methods="1" coveredmethods="1"/>
      <file name="chunk.js" path="/Users/home/Desktop/Programming/RS School/EPAM PL&LT 2025Q1/Custom Lodash Tests/custom-lodash-tests/arrays/chunk/chunk.js">
        <metrics statements="20" coveredstatements="20" conditionals="11" coveredconditionals="11" methods="1" coveredmethods="1"/>
        <line num="1" count="1" type="stmt"/>
        <line num="2" count="1" type="stmt"/>
        <line num="7" count="33" type="stmt"/>
        <line num="9" count="23" type="cond" truecount="2" falsecount="0"/>
        <line num="10" count="9" type="stmt"/>
        <line num="13" count="14" type="cond" truecount="4" falsecount="0"/>
        <line num="15" count="11" type="stmt"/>
        <line num="17" count="11" type="stmt"/>
        <line num="18" count="11" type="stmt"/>
        <line num="20" count="11" type="stmt"/>
        <line num="21" count="32" type="cond" truecount="2" falsecount="0"/>
        <line num="22" count="12" type="stmt"/>
        <line num="24" count="12" type="stmt"/>
        <line num="25" count="12" type="stmt"/>
        <line num="28" count="32" type="stmt"/>
        <line num="29" count="32" type="stmt"/>
        <line num="32" count="11" type="cond" truecount="2" falsecount="0"/>
        <line num="33" count="8" type="stmt"/>
        <line num="36" count="11" type="stmt"/>
        <line num="39" count="1" type="stmt"/>
      </file>
    </package>
    <package name="arrays.compact">
      <metrics statements="9" coveredstatements="9" conditionals="2" coveredconditionals="2" methods="1" coveredmethods="1"/>
      <file name="compact.js" path="/Users/home/Desktop/Programming/RS School/EPAM PL&LT 2025Q1/Custom Lodash Tests/custom-lodash-tests/arrays/compact/compact.js">
        <metrics statements="9" coveredstatements="9" conditionals="2" coveredconditionals="2" methods="1" coveredmethods="1"/>
        <line num="1" count="1" type="stmt"/>
        <line num="2" count="1" type="stmt"/>
        <line num="7" count="14" type="stmt"/>
        <line num="9" count="4" type="stmt"/>
        <line num="11" count="4" type="stmt"/>
        <line num="12" count="18" type="cond" truecount="2" falsecount="0"/>
        <line num="14" count="6" type="stmt"/>
        <line num="17" count="4" type="stmt"/>
        <line num="20" count="1" type="stmt"/>
      </file>
    </package>
    <package name="arrays.drop">
      <metrics statements="10" coveredstatements="10" conditionals="6" coveredconditionals="6" methods="1" coveredmethods="1"/>
      <file name="drop.js" path="/Users/home/Desktop/Programming/RS School/EPAM PL&LT 2025Q1/Custom Lodash Tests/custom-lodash-tests/arrays/drop/drop.js">
        <metrics statements="10" coveredstatements="10" conditionals="6" coveredconditionals="6" methods="1" coveredmethods="1"/>
        <line num="1" count="2" type="stmt"/>
        <line num="2" count="2" type="stmt"/>
        <line num="7" count="45" type="stmt"/>
        <line num="9" count="35" type="cond" truecount="5" falsecount="0"/>
        <line num="10" count="10" type="stmt"/>
        <line num="13" count="35" type="stmt"/>
        <line num="15" count="35" type="stmt"/>
        <line num="16" count="76" type="stmt"/>
        <line num="19" count="35" type="stmt"/>
        <line num="22" count="2" type="stmt"/>
      </file>
    </package>
    <package name="arrays.dropWhile">
      <metrics statements="14" coveredstatements="14" conditionals="2" coveredconditionals="2" methods="1" coveredmethods="1"/>
      <file name="dropWhile.js" path="/Users/home/Desktop/Programming/RS School/EPAM PL&LT 2025Q1/Custom Lodash Tests/custom-lodash-tests/arrays/dropWhile/dropWhile.js">
        <metrics statements="14" coveredstatements="14" conditionals="2" coveredconditionals="2" methods="1" coveredmethods="1"/>
        <line num="1" count="1" type="stmt"/>
        <line num="2" count="1" type="stmt"/>
        <line num="3" count="1" type="stmt"/>
        <line num="9" count="20" type="stmt"/>
        <line num="11" count="10" type="stmt"/>
        <line num="13" count="10" type="stmt"/>
        <line num="15" count="10" type="stmt"/>
        <line num="16" count="27" type="stmt"/>
        <line num="18" count="27" type="cond" truecount="2" falsecount="0"/>
        <line num="19" count="6" type="stmt"/>
        <line num="20" count="6" type="stmt"/>
        <line num="24" count="10" type="stmt"/>
        <line num="26" count="10" type="stmt"/>
        <line num="29" count="1" type="stmt"/>
      </file>
    </package>
    <package name="arrays.filter">
      <metrics statements="18" coveredstatements="18" conditionals="10" coveredconditionals="10" methods="1" coveredmethods="1"/>
      <file name="filter.js" path="/Users/home/Desktop/Programming/RS School/EPAM PL&LT 2025Q1/Custom Lodash Tests/custom-lodash-tests/arrays/filter/filter.js">
        <metrics statements="18" coveredstatements="18" conditionals="10" coveredconditionals="10" methods="1" coveredmethods="1"/>
        <line num="1" count="1" type="stmt"/>
        <line num="2" count="1" type="stmt"/>
        <line num="3" count="1" type="stmt"/>
        <line num="9" count="27" type="cond" truecount="4" falsecount="0"/>
        <line num="10" count="10" type="stmt"/>
        <line num="13" count="17" type="stmt"/>
        <line num="15" count="17" type="cond" truecount="2" falsecount="0"/>
        <line num="19" count="17" type="stmt"/>
        <line num="21" count="17" type="stmt"/>
        <line num="23" count="17" type="stmt"/>
        <line num="24" count="65" type="stmt"/>
        <line num="26" count="65" type="cond" truecount="2" falsecount="0"/>
        <line num="28" count="31" type="cond" truecount="2" falsecount="0"/>
        <line num="29" count="7" type="stmt"/>
        <line num="31" count="7" type="stmt"/>
        <line num="33" count="24" type="stmt"/>
        <line num="37" count="17" type="stmt"/>
        <line num="41" count="1" type="stmt"/>
      </file>
    </package>
    <package name="arrays.find">
      <metrics statements="14" coveredstatements="14" conditionals="11" coveredconditionals="11" methods="1" coveredmethods="1"/>
      <file name="find.js" path="/Users/home/Desktop/Programming/RS School/EPAM PL&LT 2025Q1/Custom Lodash Tests/custom-lodash-tests/arrays/find/find.js">
        <metrics statements="14" coveredstatements="14" conditionals="11" coveredconditionals="11" methods="1" coveredmethods="1"/>
        <line num="1" count="2" type="stmt"/>
        <line num="2" count="2" type="stmt"/>
        <line num="7" count="59" type="stmt"/>
        <line num="9" count="49" type="stmt"/>
        <line num="11" count="49" type="cond" truecount="4" falsecount="0"/>
        <line num="12" count="16" type="stmt"/>
        <line num="15" count="49" type="cond" truecount="2" falsecount="0"/>
        <line num="16" count="4" type="stmt"/>
        <line num="17" count="4" type="cond" truecount="2" falsecount="0"/>
        <line num="20" count="49" type="stmt"/>
        <line num="21" count="136" type="stmt"/>
        <line num="23" count="136" type="cond" truecount="2" falsecount="0"/>
        <line num="26" count="11" type="stmt"/>
        <line num="29" count="2" type="stmt"/>
      </file>
    </package>
    <package name="arrays.includes">
      <metrics statements="13" coveredstatements="13" conditionals="11" coveredconditionals="11" methods="2" coveredmethods="2"/>
      <file name="includes.js" path="/Users/home/Desktop/Programming/RS School/EPAM PL&LT 2025Q1/Custom Lodash Tests/custom-lodash-tests/arrays/includes/includes.js">
        <metrics statements="13" coveredstatements="13" conditionals="11" coveredconditionals="11" methods="2" coveredmethods="2"/>
        <line num="1" count="1" type="stmt"/>
        <line num="2" count="1" type="stmt"/>
        <line num="3" count="1" type="stmt"/>
        <line num="7" count="36" type="stmt"/>
        <line num="9" count="26" type="cond" truecount="2" falsecount="0"/>
        <line num="12" count="25" type="stmt"/>
        <line num="15" count="84" type="cond" truecount="4" falsecount="0"/>
        <line num="16" count="1" type="stmt"/>
        <line num="19" count="83" type="stmt"/>
        <line num="24" count="25" type="cond" truecount="4" falsecount="0"/>
        <line num="25" count="6" type="stmt"/>
        <line num="28" count="19" type="stmt"/>
        <line num="31" count="1" type="stmt"/>
      </file>
    </package>
    <package name="arrays.map">
      <metrics statements="10" coveredstatements="10" conditionals="1" coveredconditionals="1" methods="2" coveredmethods="2"/>
      <file name="map.js" path="/Users/home/Desktop/Programming/RS School/EPAM PL&LT 2025Q1/Custom Lodash Tests/custom-lodash-tests/arrays/map/map.js">
        <metrics statements="10" coveredstatements="10" conditionals="1" coveredconditionals="1" methods="2" coveredmethods="2"/>
        <line num="1" count="1" type="stmt"/>
        <line num="2" count="1" type="stmt"/>
        <line num="6" count="9" type="cond" truecount="1" falsecount="0"/>
        <line num="7" count="15" type="stmt"/>
        <line num="9" count="5" type="stmt"/>
        <line num="11" count="5" type="stmt"/>
        <line num="12" count="12" type="stmt"/>
        <line num="14" count="12" type="stmt"/>
        <line num="17" count="5" type="stmt"/>
        <line num="20" count="1" type="stmt"/>
      </file>
    </package>
    <package name="arrays.take">
      <metrics statements="8" coveredstatements="8" conditionals="3" coveredconditionals="3" methods="1" coveredmethods="1"/>
      <file name="take.js" path="/Users/home/Desktop/Programming/RS School/EPAM PL&LT 2025Q1/Custom Lodash Tests/custom-lodash-tests/arrays/take/take.js">
        <metrics statements="8" coveredstatements="8" conditionals="3" coveredconditionals="3" methods="1" coveredmethods="1"/>
        <line num="1" count="1" type="stmt"/>
        <line num="2" count="1" type="stmt"/>
        <line num="6" count="18" type="stmt"/>
        <line num="8" count="8" type="stmt"/>
        <line num="10" count="8" type="cond" truecount="2" falsecount="0"/>
        <line num="11" count="9" type="stmt"/>
        <line num="14" count="8" type="stmt"/>
        <line num="17" count="1" type="stmt"/>
      </file>
    </package>
    <package name="arrays.utils.arrayCheck">
      <metrics statements="3" coveredstatements="3" conditionals="2" coveredconditionals="2" methods="1" coveredmethods="1"/>
      <file name="arrayCheck.js" path="/Users/home/Desktop/Programming/RS School/EPAM PL&LT 2025Q1/Custom Lodash Tests/custom-lodash-tests/arrays/utils/arrayCheck/arrayCheck.js">
        <metrics statements="3" coveredstatements="3" conditionals="2" coveredconditionals="2" methods="1" coveredmethods="1"/>
        <line num="2" count="466" type="cond" truecount="2" falsecount="0"/>
        <line num="3" count="110" type="stmt"/>
        <line num="7" count="12" type="stmt"/>
      </file>
    </package>
    <package name="arrays.utils.pickLast">
      <metrics statements="4" coveredstatements="4" conditionals="0" coveredconditionals="0" methods="1" coveredmethods="1"/>
      <file name="pickLast.js" path="/Users/home/Desktop/Programming/RS School/EPAM PL&LT 2025Q1/Custom Lodash Tests/custom-lodash-tests/arrays/utils/pickLast/pickLast.js">
        <metrics statements="4" coveredstatements="4" conditionals="0" coveredconditionals="0" methods="1" coveredmethods="1"/>
        <line num="1" count="1" type="stmt"/>
        <line num="4" count="12" type="stmt"/>
        <line num="6" count="2" type="stmt"/>
        <line num="9" count="1" type="stmt"/>
      </file>
    </package>
    <package name="arrays.utils.push">
      <metrics statements="5" coveredstatements="5" conditionals="0" coveredconditionals="0" methods="1" coveredmethods="1"/>
      <file name="push.js" path="/Users/home/Desktop/Programming/RS School/EPAM PL&LT 2025Q1/Custom Lodash Tests/custom-lodash-tests/arrays/utils/push/push.js">
        <metrics statements="5" coveredstatements="5" conditionals="0" coveredconditionals="0" methods="1" coveredmethods="1"/>
        <line num="1" count="8" type="stmt"/>
        <line num="4" count="198" type="stmt"/>
        <line num="6" count="188" type="stmt"/>
        <line num="8" count="188" type="stmt"/>
        <line num="11" count="8" type="stmt"/>
      </file>
    </package>
    <package name="objects.utils">
      <metrics statements="12" coveredstatements="11" conditionals="5" coveredconditionals="2" methods="1" coveredmethods="1"/>
      <file name="getProp.js" path="/Users/home/Desktop/Programming/RS School/EPAM PL&LT 2025Q1/Custom Lodash Tests/custom-lodash-tests/objects/utils/getProp.js">
        <metrics statements="12" coveredstatements="11" conditionals="5" coveredconditionals="2" methods="1" coveredmethods="1"/>
        <line num="1" count="5" type="stmt"/>
        <line num="2" count="5" type="stmt"/>
        <line num="7" count="9" type="cond" truecount="1" falsecount="1"/>
        <line num="9" count="9" type="stmt"/>
        <line num="11" count="9" type="stmt"/>
        <line num="13" count="9" type="stmt"/>
        <line num="14" count="9" type="cond" truecount="1" falsecount="1"/>
        <line num="15" count="9" type="stmt"/>
        <line num="16" count="9" type="stmt"/>
        <line num="19" count="0" type="stmt"/>
        <line num="22" count="9" type="stmt"/>
        <line num="25" count="5" type="stmt"/>
      </file>
    </package>
    <package name="utils.isMatch">
      <metrics statements="27" coveredstatements="27" conditionals="42" coveredconditionals="40" methods="1" coveredmethods="1"/>
      <file name="isMatch.js" path="/Users/home/Desktop/Programming/RS School/EPAM PL&LT 2025Q1/Custom Lodash Tests/custom-lodash-tests/utils/isMatch/isMatch.js">
        <metrics statements="27" coveredstatements="27" conditionals="42" coveredconditionals="40" methods="1" coveredmethods="1"/>
        <line num="1" count="6" type="stmt"/>
        <line num="2" count="6" type="stmt"/>
        <line num="3" count="6" type="stmt"/>
        <line num="7" count="75" type="cond" truecount="4" falsecount="0"/>
        <line num="9" count="74" type="cond" truecount="4" falsecount="0"/>
        <line num="10" count="40" type="stmt"/>
        <line num="13" count="34" type="cond" truecount="2" falsecount="0"/>
        <line num="15" count="31" type="cond" truecount="4" falsecount="0"/>
        <line num="17" count="27" type="cond" truecount="2" falsecount="0"/>
        <line num="20" count="26" type="cond" truecount="4" falsecount="0"/>
        <line num="21" count="8" type="cond" truecount="2" falsecount="0"/>
        <line num="23" count="7" type="stmt"/>
        <line num="24" count="20" type="cond" truecount="2" falsecount="0"/>
        <line num="27" count="4" type="stmt"/>
        <line num="31" count="18" type="cond" truecount="4" falsecount="0"/>
        <line num="32" count="2" type="stmt"/>
        <line num="36" count="16" type="stmt"/>
        <line num="37" count="28" type="cond" truecount="2" falsecount="0"/>
        <line num="39" count="27" type="stmt"/>
        <line num="40" count="27" type="stmt"/>
        <line num="42" count="27" type="cond" truecount="2" falsecount="2"/>
        <line num="44" count="27" type="cond" truecount="4" falsecount="0"/>
        <line num="45" count="2" type="cond" truecount="2" falsecount="0"/>
        <line num="46" count="25" type="cond" truecount="2" falsecount="0"/>
        <line num="47" count="6" type="stmt"/>
        <line num="51" count="8" type="stmt"/>
        <line num="54" count="6" type="stmt"/>
      </file>
    </package>
    <package name="utils.isObject">
      <metrics statements="2" coveredstatements="2" conditionals="2" coveredconditionals="2" methods="1" coveredmethods="1"/>
      <file name="isObject.js" path="/Users/home/Desktop/Programming/RS School/EPAM PL&LT 2025Q1/Custom Lodash Tests/custom-lodash-tests/utils/isObject/isObject.js">
        <metrics statements="2" coveredstatements="2" conditionals="2" coveredconditionals="2" methods="1" coveredmethods="1"/>
        <line num="2" count="58" type="cond" truecount="2" falsecount="0"/>
        <line num="5" count="7" type="stmt"/>
      </file>
    </package>
    <package name="utils.isPlainObject">
      <metrics statements="3" coveredstatements="3" conditionals="4" coveredconditionals="4" methods="1" coveredmethods="1"/>
      <file name="isPlainObject.js" path="/Users/home/Desktop/Programming/RS School/EPAM PL&LT 2025Q1/Custom Lodash Tests/custom-lodash-tests/utils/isPlainObject/isPlainObject.js">
        <metrics statements="3" coveredstatements="3" conditionals="4" coveredconditionals="4" methods="1" coveredmethods="1"/>
        <line num="3" count="77" type="cond" truecount="4" falsecount="0"/>
        <line num="8" count="77" type="stmt"/>
        <line num="12" count="7" type="stmt"/>
      </file>
    </package>
    <package name="utils.isPrimetive">
      <metrics statements="6" coveredstatements="6" conditionals="6" coveredconditionals="6" methods="1" coveredmethods="1"/>
      <file name="isPrimetive.js" path="/Users/home/Desktop/Programming/RS School/EPAM PL&LT 2025Q1/Custom Lodash Tests/custom-lodash-tests/utils/isPrimetive/isPrimetive.js">
        <metrics statements="6" coveredstatements="6" conditionals="6" coveredconditionals="6" methods="1" coveredmethods="1"/>
        <line num="2" count="122" type="stmt"/>
        <line num="4" count="122" type="cond" truecount="2" falsecount="0"/>
        <line num="6" count="119" type="cond" truecount="4" falsecount="0"/>
        <line num="7" count="75" type="stmt"/>
        <line num="10" count="44" type="stmt"/>
        <line num="13" count="7" type="stmt"/>
      </file>
    </package>
    <package name="utils.setPredicate">
      <metrics statements="22" coveredstatements="22" conditionals="14" coveredconditionals="12" methods="5" coveredmethods="5"/>
      <file name="setPredicate.js" path="/Users/home/Desktop/Programming/RS School/EPAM PL&LT 2025Q1/Custom Lodash Tests/custom-lodash-tests/utils/setPredicate/setPredicate.js">
        <metrics statements="22" coveredstatements="22" conditionals="14" coveredconditionals="12" methods="5" coveredmethods="5"/>
        <line num="1" count="5" type="stmt"/>
        <line num="2" count="5" type="stmt"/>
        <line num="3" count="5" type="stmt"/>
        <line num="9" count="79" type="cond" truecount="2" falsecount="0"/>
        <line num="10" count="62" type="stmt"/>
        <line num="13" count="17" type="cond" truecount="2" falsecount="0"/>
        <line num="14" count="6" type="stmt"/>
        <line num="17" count="13" type="cond" truecount="2" falsecount="0"/>
        <line num="18" count="5" type="cond" truecount="2" falsecount="0"/>
        <line num="19" count="1" type="stmt"/>
        <line num="22" count="4" type="stmt"/>
        <line num="24" count="4" type="stmt"/>
        <line num="25" count="9" type="stmt"/>
        <line num="26" count="9" type="stmt"/>
        <line num="28" count="9" type="cond" truecount="1" falsecount="1"/>
        <line num="30" count="9" type="stmt"/>
        <line num="34" count="8" type="cond" truecount="2" falsecount="0"/>
        <line num="35" count="5" type="stmt"/>
        <line num="36" count="11" type="cond" truecount="1" falsecount="1"/>
        <line num="38" count="11" type="stmt"/>
        <line num="42" count="19" type="stmt"/>
        <line num="45" count="5" type="stmt"/>
      </file>
    </package>
    <package name="utils.transformPath">
      <metrics statements="9" coveredstatements="9" conditionals="4" coveredconditionals="4" methods="1" coveredmethods="1"/>
      <file name="transformPath.js" path="/Users/home/Desktop/Programming/RS School/EPAM PL&LT 2025Q1/Custom Lodash Tests/custom-lodash-tests/utils/transformPath/transformPath.js">
        <metrics statements="9" coveredstatements="9" conditionals="4" coveredconditionals="4" methods="1" coveredmethods="1"/>
        <line num="2" count="30" type="cond" truecount="2" falsecount="0"/>
        <line num="3" count="19" type="stmt"/>
        <line num="4" count="19" type="stmt"/>
        <line num="6" count="19" type="stmt"/>
        <line num="8" count="19" type="stmt"/>
        <line num="11" count="11" type="cond" truecount="2" falsecount="0"/>
        <line num="12" count="10" type="stmt"/>
        <line num="15" count="1" type="stmt"/>
        <line num="19" count="6" type="stmt"/>
      </file>
    </package>
  </project>
</coverage>
