{"/Users/home/Desktop/Programming/RS School/EPAM PL&LT 2025Q1/Custom Lodash Tests/custom-lodash-tests/arrays/chunk/chunk.js": {"path":"/Users/home/Desktop/Programming/RS School/EPAM PL&LT 2025Q1/Custom Lodash Tests/custom-lodash-tests/arrays/chunk/chunk.js","statementMap":{"0":{"start":{"line":1,"column":19},"end":{"line":1,"column":60}},"1":{"start":{"line":2,"column":13},"end":{"line":2,"column":42}},"2":{"start":{"line":7,"column":2},"end":{"line":7,"column":20}},"3":{"start":{"line":9,"column":2},"end":{"line":11,"column":3}},"4":{"start":{"line":10,"column":4},"end":{"line":10,"column":42}},"5":{"start":{"line":13,"column":2},"end":{"line":13,"column":49}},"6":{"start":{"line":13,"column":39},"end":{"line":13,"column":49}},"7":{"start":{"line":15,"column":19},"end":{"line":15,"column":21}},"8":{"start":{"line":17,"column":18},"end":{"line":17,"column":20}},"9":{"start":{"line":18,"column":21},"end":{"line":18,"column":22}},"10":{"start":{"line":20,"column":2},"end":{"line":30,"column":3}},"11":{"start":{"line":21,"column":4},"end":{"line":26,"column":5}},"12":{"start":{"line":22,"column":6},"end":{"line":22,"column":32}},"13":{"start":{"line":24,"column":6},"end":{"line":24,"column":21}},"14":{"start":{"line":25,"column":6},"end":{"line":25,"column":23}},"15":{"start":{"line":28,"column":4},"end":{"line":28,"column":27}},"16":{"start":{"line":29,"column":4},"end":{"line":29,"column":19}},"17":{"start":{"line":32,"column":2},"end":{"line":34,"column":3}},"18":{"start":{"line":33,"column":4},"end":{"line":33,"column":30}},"19":{"start":{"line":36,"column":2},"end":{"line":36,"column":18}},"20":{"start":{"line":39,"column":0},"end":{"line":39,"column":23}}},"fnMap":{"0":{"name":"chunk","decl":{"start":{"line":6,"column":9},"end":{"line":6,"column":14}},"loc":{"start":{"line":6,"column":32},"end":{"line":37,"column":1}},"line":6}},"branchMap":{"0":{"loc":{"start":{"line":6,"column":22},"end":{"line":6,"column":30}},"type":"default-arg","locations":[{"start":{"line":6,"column":29},"end":{"line":6,"column":30}}],"line":6},"1":{"loc":{"start":{"line":9,"column":2},"end":{"line":11,"column":3}},"type":"if","locations":[{"start":{"line":9,"column":2},"end":{"line":11,"column":3}},{"start":{},"end":{}}],"line":9},"2":{"loc":{"start":{"line":13,"column":2},"end":{"line":13,"column":49}},"type":"if","locations":[{"start":{"line":13,"column":2},"end":{"line":13,"column":49}},{"start":{},"end":{}}],"line":13},"3":{"loc":{"start":{"line":13,"column":6},"end":{"line":13,"column":37}},"type":"binary-expr","locations":[{"start":{"line":13,"column":6},"end":{"line":13,"column":15}},{"start":{"line":13,"column":19},"end":{"line":13,"column":37}}],"line":13},"4":{"loc":{"start":{"line":21,"column":4},"end":{"line":26,"column":5}},"type":"if","locations":[{"start":{"line":21,"column":4},"end":{"line":26,"column":5}},{"start":{},"end":{}}],"line":21},"5":{"loc":{"start":{"line":32,"column":2},"end":{"line":34,"column":3}},"type":"if","locations":[{"start":{"line":32,"column":2},"end":{"line":34,"column":3}},{"start":{},"end":{}}],"line":32}},"s":{"0":1,"1":1,"2":33,"3":23,"4":9,"5":14,"6":3,"7":11,"8":11,"9":11,"10":11,"11":32,"12":12,"13":12,"14":12,"15":32,"16":32,"17":11,"18":8,"19":11,"20":1},"f":{"0":33},"b":{"0":[4],"1":[9,14],"2":[3,11],"3":[14,12],"4":[12,20],"5":[8,3]},"_coverageSchema":"1a1c01bbd47fc00a2c39e90264f33305004495a9","hash":"f32d4d9c50db7e14e244d2c2a00534fe25718a1c"}
,"/Users/home/Desktop/Programming/RS School/EPAM PL&LT 2025Q1/Custom Lodash Tests/custom-lodash-tests/arrays/compact/compact.js": {"path":"/Users/home/Desktop/Programming/RS School/EPAM PL&LT 2025Q1/Custom Lodash Tests/custom-lodash-tests/arrays/compact/compact.js","statementMap":{"0":{"start":{"line":1,"column":19},"end":{"line":1,"column":60}},"1":{"start":{"line":2,"column":13},"end":{"line":2,"column":42}},"2":{"start":{"line":7,"column":2},"end":{"line":7,"column":20}},"3":{"start":{"line":9,"column":21},"end":{"line":9,"column":23}},"4":{"start":{"line":11,"column":2},"end":{"line":15,"column":3}},"5":{"start":{"line":12,"column":4},"end":{"line":12,"column":25}},"6":{"start":{"line":12,"column":16},"end":{"line":12,"column":25}},"7":{"start":{"line":14,"column":4},"end":{"line":14,"column":28}},"8":{"start":{"line":17,"column":2},"end":{"line":17,"column":20}},"9":{"start":{"line":20,"column":0},"end":{"line":20,"column":25}}},"fnMap":{"0":{"name":"compact","decl":{"start":{"line":6,"column":9},"end":{"line":6,"column":16}},"loc":{"start":{"line":6,"column":24},"end":{"line":18,"column":1}},"line":6}},"branchMap":{"0":{"loc":{"start":{"line":12,"column":4},"end":{"line":12,"column":25}},"type":"if","locations":[{"start":{"line":12,"column":4},"end":{"line":12,"column":25}},{"start":{},"end":{}}],"line":12}},"s":{"0":1,"1":1,"2":14,"3":4,"4":4,"5":18,"6":12,"7":6,"8":4,"9":1},"f":{"0":14},"b":{"0":[12,6]},"_coverageSchema":"1a1c01bbd47fc00a2c39e90264f33305004495a9","hash":"09a1b1f98a2a7399e20e1113f2a7b03268cda116"}
,"/Users/home/Desktop/Programming/RS School/EPAM PL&LT 2025Q1/Custom Lodash Tests/custom-lodash-tests/arrays/drop/drop.js": {"path":"/Users/home/Desktop/Programming/RS School/EPAM PL&LT 2025Q1/Custom Lodash Tests/custom-lodash-tests/arrays/drop/drop.js","statementMap":{"0":{"start":{"line":1,"column":19},"end":{"line":1,"column":60}},"1":{"start":{"line":2,"column":13},"end":{"line":2,"column":42}},"2":{"start":{"line":7,"column":2},"end":{"line":7,"column":20}},"3":{"start":{"line":9,"column":2},"end":{"line":11,"column":3}},"4":{"start":{"line":10,"column":4},"end":{"line":10,"column":10}},"5":{"start":{"line":13,"column":18},"end":{"line":13,"column":20}},"6":{"start":{"line":15,"column":2},"end":{"line":17,"column":3}},"7":{"start":{"line":15,"column":15},"end":{"line":15,"column":28}},"8":{"start":{"line":16,"column":4},"end":{"line":16,"column":28}},"9":{"start":{"line":19,"column":2},"end":{"line":19,"column":17}},"10":{"start":{"line":22,"column":0},"end":{"line":22,"column":22}}},"fnMap":{"0":{"name":"drop","decl":{"start":{"line":6,"column":9},"end":{"line":6,"column":13}},"loc":{"start":{"line":6,"column":28},"end":{"line":20,"column":1}},"line":6}},"branchMap":{"0":{"loc":{"start":{"line":6,"column":21},"end":{"line":6,"column":26}},"type":"default-arg","locations":[{"start":{"line":6,"column":25},"end":{"line":6,"column":26}}],"line":6},"1":{"loc":{"start":{"line":9,"column":2},"end":{"line":11,"column":3}},"type":"if","locations":[{"start":{"line":9,"column":2},"end":{"line":11,"column":3}},{"start":{},"end":{}}],"line":9},"2":{"loc":{"start":{"line":9,"column":6},"end":{"line":9,"column":55}},"type":"binary-expr","locations":[{"start":{"line":9,"column":6},"end":{"line":9,"column":11}},{"start":{"line":9,"column":15},"end":{"line":9,"column":36}},{"start":{"line":9,"column":40},"end":{"line":9,"column":55}}],"line":9}},"s":{"0":2,"1":2,"2":45,"3":35,"4":10,"5":35,"6":35,"7":35,"8":76,"9":35,"10":2},"f":{"0":45},"b":{"0":[2],"1":[10,25],"2":[35,34,26]},"_coverageSchema":"1a1c01bbd47fc00a2c39e90264f33305004495a9","hash":"0acd368c599894e10f0f9f003aaf8b2ebe1d9b9d"}
,"/Users/home/Desktop/Programming/RS School/EPAM PL&LT 2025Q1/Custom Lodash Tests/custom-lodash-tests/arrays/dropWhile/dropWhile.js": {"path":"/Users/home/Desktop/Programming/RS School/EPAM PL&LT 2025Q1/Custom Lodash Tests/custom-lodash-tests/arrays/dropWhile/dropWhile.js","statementMap":{"0":{"start":{"line":1,"column":19},"end":{"line":1,"column":60}},"1":{"start":{"line":2,"column":21},"end":{"line":2,"column":69}},"2":{"start":{"line":3,"column":13},"end":{"line":3,"column":36}},"3":{"start":{"line":9,"column":2},"end":{"line":9,"column":20}},"4":{"start":{"line":11,"column":2},"end":{"line":11,"column":38}},"5":{"start":{"line":13,"column":18},"end":{"line":13,"column":30}},"6":{"start":{"line":15,"column":2},"end":{"line":22,"column":3}},"7":{"start":{"line":15,"column":15},"end":{"line":15,"column":16}},"8":{"start":{"line":16,"column":19},"end":{"line":16,"column":48}},"9":{"start":{"line":18,"column":4},"end":{"line":21,"column":5}},"10":{"start":{"line":19,"column":6},"end":{"line":19,"column":20}},"11":{"start":{"line":20,"column":6},"end":{"line":20,"column":12}},"12":{"start":{"line":24,"column":14},"end":{"line":24,"column":36}},"13":{"start":{"line":26,"column":2},"end":{"line":26,"column":13}},"14":{"start":{"line":29,"column":0},"end":{"line":29,"column":27}}},"fnMap":{"0":{"name":"dropWhile","decl":{"start":{"line":8,"column":9},"end":{"line":8,"column":18}},"loc":{"start":{"line":8,"column":37},"end":{"line":27,"column":1}},"line":8}},"branchMap":{"0":{"loc":{"start":{"line":18,"column":4},"end":{"line":21,"column":5}},"type":"if","locations":[{"start":{"line":18,"column":4},"end":{"line":21,"column":5}},{"start":{},"end":{}}],"line":18}},"s":{"0":1,"1":1,"2":1,"3":20,"4":10,"5":10,"6":10,"7":10,"8":27,"9":27,"10":6,"11":6,"12":10,"13":10,"14":1},"f":{"0":20},"b":{"0":[6,21]},"_coverageSchema":"1a1c01bbd47fc00a2c39e90264f33305004495a9","hash":"a48e84555ed024e253e2ad9a16f5e60dd75e62f7"}
,"/Users/home/Desktop/Programming/RS School/EPAM PL&LT 2025Q1/Custom Lodash Tests/custom-lodash-tests/arrays/filter/filter.js": {"path":"/Users/home/Desktop/Programming/RS School/EPAM PL&LT 2025Q1/Custom Lodash Tests/custom-lodash-tests/arrays/filter/filter.js","statementMap":{"0":{"start":{"line":1,"column":22},"end":{"line":1,"column":72}},"1":{"start":{"line":2,"column":21},"end":{"line":2,"column":69}},"2":{"start":{"line":3,"column":13},"end":{"line":3,"column":42}},"3":{"start":{"line":9,"column":2},"end":{"line":11,"column":3}},"4":{"start":{"line":10,"column":4},"end":{"line":10,"column":54}},"5":{"start":{"line":13,"column":2},"end":{"line":13,"column":38}},"6":{"start":{"line":15,"column":24},"end":{"line":17,"column":32}},"7":{"start":{"line":19,"column":19},"end":{"line":19,"column":44}},"8":{"start":{"line":21,"column":20},"end":{"line":21,"column":22}},"9":{"start":{"line":23,"column":2},"end":{"line":35,"column":3}},"10":{"start":{"line":23,"column":15},"end":{"line":23,"column":16}},"11":{"start":{"line":24,"column":19},"end":{"line":24,"column":64}},"12":{"start":{"line":26,"column":4},"end":{"line":26,"column":26}},"13":{"start":{"line":26,"column":17},"end":{"line":26,"column":26}},"14":{"start":{"line":28,"column":4},"end":{"line":34,"column":5}},"15":{"start":{"line":29,"column":27},"end":{"line":29,"column":43}},"16":{"start":{"line":31,"column":6},"end":{"line":31,"column":40}},"17":{"start":{"line":33,"column":6},"end":{"line":33,"column":40}},"18":{"start":{"line":37,"column":2},"end":{"line":37,"column":19}},"19":{"start":{"line":41,"column":0},"end":{"line":41,"column":24}}},"fnMap":{"0":{"name":"filter","decl":{"start":{"line":8,"column":9},"end":{"line":8,"column":15}},"loc":{"start":{"line":8,"column":39},"end":{"line":38,"column":1}},"line":8}},"branchMap":{"0":{"loc":{"start":{"line":9,"column":2},"end":{"line":11,"column":3}},"type":"if","locations":[{"start":{"line":9,"column":2},"end":{"line":11,"column":3}},{"start":{},"end":{}}],"line":9},"1":{"loc":{"start":{"line":9,"column":8},"end":{"line":9,"column":62}},"type":"binary-expr","locations":[{"start":{"line":9,"column":8},"end":{"line":9,"column":33}},{"start":{"line":9,"column":37},"end":{"line":9,"column":62}}],"line":9},"2":{"loc":{"start":{"line":15,"column":24},"end":{"line":17,"column":32}},"type":"cond-expr","locations":[{"start":{"line":16,"column":6},"end":{"line":16,"column":16}},{"start":{"line":17,"column":6},"end":{"line":17,"column":32}}],"line":15},"3":{"loc":{"start":{"line":26,"column":4},"end":{"line":26,"column":26}},"type":"if","locations":[{"start":{"line":26,"column":4},"end":{"line":26,"column":26}},{"start":{},"end":{}}],"line":26},"4":{"loc":{"start":{"line":28,"column":4},"end":{"line":34,"column":5}},"type":"if","locations":[{"start":{"line":28,"column":4},"end":{"line":34,"column":5}},{"start":{"line":32,"column":11},"end":{"line":34,"column":5}}],"line":28}},"s":{"0":1,"1":1,"2":1,"3":27,"4":10,"5":17,"6":17,"7":17,"8":17,"9":17,"10":17,"11":65,"12":65,"13":34,"14":31,"15":7,"16":7,"17":24,"18":17,"19":1},"f":{"0":27},"b":{"0":[10,17],"1":[27,14],"2":[13,4],"3":[34,31],"4":[7,24]},"_coverageSchema":"1a1c01bbd47fc00a2c39e90264f33305004495a9","hash":"b3ed088d7f7787aa2245de2c92f0bd4736065801"}
,"/Users/home/Desktop/Programming/RS School/EPAM PL&LT 2025Q1/Custom Lodash Tests/custom-lodash-tests/arrays/find/find.js": {"path":"/Users/home/Desktop/Programming/RS School/EPAM PL&LT 2025Q1/Custom Lodash Tests/custom-lodash-tests/arrays/find/find.js","statementMap":{"0":{"start":{"line":1,"column":19},"end":{"line":1,"column":60}},"1":{"start":{"line":2,"column":21},"end":{"line":2,"column":69}},"2":{"start":{"line":7,"column":2},"end":{"line":7,"column":25}},"3":{"start":{"line":9,"column":2},"end":{"line":9,"column":38}},"4":{"start":{"line":11,"column":2},"end":{"line":13,"column":3}},"5":{"start":{"line":12,"column":4},"end":{"line":12,"column":18}},"6":{"start":{"line":15,"column":2},"end":{"line":18,"column":3}},"7":{"start":{"line":16,"column":4},"end":{"line":16,"column":46}},"8":{"start":{"line":17,"column":4},"end":{"line":17,"column":46}},"9":{"start":{"line":20,"column":2},"end":{"line":24,"column":3}},"10":{"start":{"line":20,"column":15},"end":{"line":20,"column":36}},"11":{"start":{"line":21,"column":19},"end":{"line":21,"column":58}},"12":{"start":{"line":23,"column":4},"end":{"line":23,"column":37}},"13":{"start":{"line":23,"column":16},"end":{"line":23,"column":37}},"14":{"start":{"line":26,"column":2},"end":{"line":26,"column":19}},"15":{"start":{"line":29,"column":0},"end":{"line":29,"column":22}}},"fnMap":{"0":{"name":"find","decl":{"start":{"line":6,"column":9},"end":{"line":6,"column":13}},"loc":{"start":{"line":6,"column":52},"end":{"line":27,"column":1}},"line":6}},"branchMap":{"0":{"loc":{"start":{"line":6,"column":37},"end":{"line":6,"column":50}},"type":"default-arg","locations":[{"start":{"line":6,"column":49},"end":{"line":6,"column":50}}],"line":6},"1":{"loc":{"start":{"line":11,"column":2},"end":{"line":13,"column":3}},"type":"if","locations":[{"start":{"line":11,"column":2},"end":{"line":13,"column":3}},{"start":{},"end":{}}],"line":11},"2":{"loc":{"start":{"line":11,"column":6},"end":{"line":11,"column":62}},"type":"binary-expr","locations":[{"start":{"line":11,"column":6},"end":{"line":11,"column":35}},{"start":{"line":11,"column":39},"end":{"line":11,"column":62}}],"line":11},"3":{"loc":{"start":{"line":15,"column":2},"end":{"line":18,"column":3}},"type":"if","locations":[{"start":{"line":15,"column":2},"end":{"line":18,"column":3}},{"start":{},"end":{}}],"line":15},"4":{"loc":{"start":{"line":17,"column":16},"end":{"line":17,"column":45}},"type":"cond-expr","locations":[{"start":{"line":17,"column":32},"end":{"line":17,"column":33}},{"start":{"line":17,"column":36},"end":{"line":17,"column":45}}],"line":17},"5":{"loc":{"start":{"line":23,"column":4},"end":{"line":23,"column":37}},"type":"if","locations":[{"start":{"line":23,"column":4},"end":{"line":23,"column":37}},{"start":{},"end":{}}],"line":23}},"s":{"0":2,"1":2,"2":59,"3":49,"4":49,"5":16,"6":49,"7":4,"8":4,"9":49,"10":49,"11":136,"12":136,"13":38,"14":11,"15":2},"f":{"0":59},"b":{"0":[19],"1":[16,33],"2":[49,33],"3":[4,45],"4":[2,2],"5":[38,98]},"_coverageSchema":"1a1c01bbd47fc00a2c39e90264f33305004495a9","hash":"b461b05e655d9f9d09a839bd90a04a027a3652b9"}
,"/Users/home/Desktop/Programming/RS School/EPAM PL&LT 2025Q1/Custom Lodash Tests/custom-lodash-tests/arrays/includes/includes.js": {"path":"/Users/home/Desktop/Programming/RS School/EPAM PL&LT 2025Q1/Custom Lodash Tests/custom-lodash-tests/arrays/includes/includes.js","statementMap":{"0":{"start":{"line":1,"column":19},"end":{"line":1,"column":60}},"1":{"start":{"line":2,"column":13},"end":{"line":2,"column":36}},"2":{"start":{"line":3,"column":16},"end":{"line":3,"column":54}},"3":{"start":{"line":7,"column":2},"end":{"line":7,"column":25}},"4":{"start":{"line":9,"column":2},"end":{"line":9,"column":39}},"5":{"start":{"line":9,"column":26},"end":{"line":9,"column":39}},"6":{"start":{"line":12,"column":17},"end":{"line":22,"column":3}},"7":{"start":{"line":15,"column":6},"end":{"line":17,"column":7}},"8":{"start":{"line":16,"column":8},"end":{"line":16,"column":63}},"9":{"start":{"line":19,"column":6},"end":{"line":19,"column":33}},"10":{"start":{"line":24,"column":2},"end":{"line":26,"column":3}},"11":{"start":{"line":25,"column":4},"end":{"line":25,"column":17}},"12":{"start":{"line":28,"column":2},"end":{"line":28,"column":14}},"13":{"start":{"line":31,"column":0},"end":{"line":31,"column":26}}},"fnMap":{"0":{"name":"includes","decl":{"start":{"line":6,"column":9},"end":{"line":6,"column":17}},"loc":{"start":{"line":6,"column":52},"end":{"line":29,"column":1}},"line":6},"1":{"name":"(anonymous_1)","decl":{"start":{"line":14,"column":4},"end":{"line":14,"column":5}},"loc":{"start":{"line":14,"column":19},"end":{"line":20,"column":5}},"line":14}},"branchMap":{"0":{"loc":{"start":{"line":6,"column":37},"end":{"line":6,"column":50}},"type":"default-arg","locations":[{"start":{"line":6,"column":49},"end":{"line":6,"column":50}}],"line":6},"1":{"loc":{"start":{"line":9,"column":2},"end":{"line":9,"column":39}},"type":"if","locations":[{"start":{"line":9,"column":2},"end":{"line":9,"column":39}},{"start":{},"end":{}}],"line":9},"2":{"loc":{"start":{"line":15,"column":6},"end":{"line":17,"column":7}},"type":"if","locations":[{"start":{"line":15,"column":6},"end":{"line":17,"column":7}},{"start":{},"end":{}}],"line":15},"3":{"loc":{"start":{"line":15,"column":10},"end":{"line":15,"column":56}},"type":"binary-expr","locations":[{"start":{"line":15,"column":10},"end":{"line":15,"column":33}},{"start":{"line":15,"column":37},"end":{"line":15,"column":56}}],"line":15},"4":{"loc":{"start":{"line":24,"column":2},"end":{"line":26,"column":3}},"type":"if","locations":[{"start":{"line":24,"column":2},"end":{"line":26,"column":3}},{"start":{},"end":{}}],"line":24},"5":{"loc":{"start":{"line":24,"column":6},"end":{"line":24,"column":49}},"type":"binary-expr","locations":[{"start":{"line":24,"column":6},"end":{"line":24,"column":26}},{"start":{"line":24,"column":30},"end":{"line":24,"column":49}}],"line":24}},"s":{"0":1,"1":1,"2":1,"3":36,"4":26,"5":1,"6":25,"7":84,"8":1,"9":83,"10":25,"11":6,"12":19,"13":1},"f":{"0":36,"1":84},"b":{"0":[22],"1":[1,25],"2":[1,83],"3":[84,1],"4":[6,19],"5":[25,8]},"_coverageSchema":"1a1c01bbd47fc00a2c39e90264f33305004495a9","hash":"71fc5213310ef7e89dc2f23d4fce3d30058cd5fb"}
,"/Users/home/Desktop/Programming/RS School/EPAM PL&LT 2025Q1/Custom Lodash Tests/custom-lodash-tests/arrays/map/map.js": {"path":"/Users/home/Desktop/Programming/RS School/EPAM PL&LT 2025Q1/Custom Lodash Tests/custom-lodash-tests/arrays/map/map.js","statementMap":{"0":{"start":{"line":1,"column":19},"end":{"line":1,"column":60}},"1":{"start":{"line":2,"column":13},"end":{"line":2,"column":42}},"2":{"start":{"line":6,"column":47},"end":{"line":6,"column":52}},"3":{"start":{"line":7,"column":2},"end":{"line":7,"column":25}},"4":{"start":{"line":9,"column":17},"end":{"line":9,"column":19}},"5":{"start":{"line":11,"column":2},"end":{"line":15,"column":3}},"6":{"start":{"line":11,"column":15},"end":{"line":11,"column":16}},"7":{"start":{"line":12,"column":19},"end":{"line":12,"column":57}},"8":{"start":{"line":14,"column":4},"end":{"line":14,"column":25}},"9":{"start":{"line":17,"column":2},"end":{"line":17,"column":16}},"10":{"start":{"line":20,"column":0},"end":{"line":20,"column":21}}},"fnMap":{"0":{"name":"map","decl":{"start":{"line":6,"column":9},"end":{"line":6,"column":12}},"loc":{"start":{"line":6,"column":54},"end":{"line":18,"column":1}},"line":6},"1":{"name":"(anonymous_1)","decl":{"start":{"line":6,"column":36},"end":{"line":6,"column":37}},"loc":{"start":{"line":6,"column":47},"end":{"line":6,"column":52}},"line":6}},"branchMap":{"0":{"loc":{"start":{"line":6,"column":25},"end":{"line":6,"column":52}},"type":"default-arg","locations":[{"start":{"line":6,"column":36},"end":{"line":6,"column":52}}],"line":6}},"s":{"0":1,"1":1,"2":9,"3":15,"4":5,"5":5,"6":5,"7":12,"8":12,"9":5,"10":1},"f":{"0":15,"1":9},"b":{"0":[3]},"_coverageSchema":"1a1c01bbd47fc00a2c39e90264f33305004495a9","hash":"adcf1910eb5963a9a1836288c1a2581a509e81c0"}
,"/Users/home/Desktop/Programming/RS School/EPAM PL&LT 2025Q1/Custom Lodash Tests/custom-lodash-tests/arrays/take/take.js": {"path":"/Users/home/Desktop/Programming/RS School/EPAM PL&LT 2025Q1/Custom Lodash Tests/custom-lodash-tests/arrays/take/take.js","statementMap":{"0":{"start":{"line":1,"column":19},"end":{"line":1,"column":60}},"1":{"start":{"line":2,"column":13},"end":{"line":2,"column":42}},"2":{"start":{"line":6,"column":2},"end":{"line":6,"column":20}},"3":{"start":{"line":8,"column":18},"end":{"line":8,"column":20}},"4":{"start":{"line":10,"column":2},"end":{"line":12,"column":3}},"5":{"start":{"line":10,"column":15},"end":{"line":10,"column":16}},"6":{"start":{"line":11,"column":4},"end":{"line":11,"column":28}},"7":{"start":{"line":14,"column":2},"end":{"line":14,"column":17}},"8":{"start":{"line":17,"column":0},"end":{"line":17,"column":22}}},"fnMap":{"0":{"name":"take","decl":{"start":{"line":5,"column":9},"end":{"line":5,"column":13}},"loc":{"start":{"line":5,"column":28},"end":{"line":15,"column":1}},"line":5}},"branchMap":{"0":{"loc":{"start":{"line":5,"column":21},"end":{"line":5,"column":26}},"type":"default-arg","locations":[{"start":{"line":5,"column":25},"end":{"line":5,"column":26}}],"line":5},"1":{"loc":{"start":{"line":10,"column":18},"end":{"line":10,"column":43}},"type":"binary-expr","locations":[{"start":{"line":10,"column":18},"end":{"line":10,"column":23}},{"start":{"line":10,"column":27},"end":{"line":10,"column":43}}],"line":10}},"s":{"0":1,"1":1,"2":18,"3":8,"4":8,"5":8,"6":9,"7":8,"8":1},"f":{"0":18},"b":{"0":[2],"1":[17,11]},"_coverageSchema":"1a1c01bbd47fc00a2c39e90264f33305004495a9","hash":"6116c31b039946120776a1e65960604a2275ed37"}
,"/Users/home/Desktop/Programming/RS School/EPAM PL&LT 2025Q1/Custom Lodash Tests/custom-lodash-tests/arrays/utils/arrayCheck/arrayCheck.js": {"path":"/Users/home/Desktop/Programming/RS School/EPAM PL&LT 2025Q1/Custom Lodash Tests/custom-lodash-tests/arrays/utils/arrayCheck/arrayCheck.js","statementMap":{"0":{"start":{"line":2,"column":2},"end":{"line":4,"column":3}},"1":{"start":{"line":3,"column":4},"end":{"line":3,"column":45}},"2":{"start":{"line":7,"column":0},"end":{"line":7,"column":28}}},"fnMap":{"0":{"name":"arrayCheck","decl":{"start":{"line":1,"column":9},"end":{"line":1,"column":19}},"loc":{"start":{"line":1,"column":25},"end":{"line":5,"column":1}},"line":1}},"branchMap":{"0":{"loc":{"start":{"line":2,"column":2},"end":{"line":4,"column":3}},"type":"if","locations":[{"start":{"line":2,"column":2},"end":{"line":4,"column":3}},{"start":{},"end":{}}],"line":2}},"s":{"0":466,"1":110,"2":12},"f":{"0":466},"b":{"0":[110,356]},"_coverageSchema":"1a1c01bbd47fc00a2c39e90264f33305004495a9","hash":"c89e1f3462c2483ae986e9f4a42fa85bd6bb0ef3"}
,"/Users/home/Desktop/Programming/RS School/EPAM PL&LT 2025Q1/Custom Lodash Tests/custom-lodash-tests/arrays/utils/pickLast/pickLast.js": {"path":"/Users/home/Desktop/Programming/RS School/EPAM PL&LT 2025Q1/Custom Lodash Tests/custom-lodash-tests/arrays/utils/pickLast/pickLast.js","statementMap":{"0":{"start":{"line":1,"column":19},"end":{"line":1,"column":54}},"1":{"start":{"line":4,"column":2},"end":{"line":4,"column":18}},"2":{"start":{"line":6,"column":2},"end":{"line":6,"column":29}},"3":{"start":{"line":9,"column":0},"end":{"line":9,"column":26}}},"fnMap":{"0":{"name":"pickLast","decl":{"start":{"line":3,"column":9},"end":{"line":3,"column":17}},"loc":{"start":{"line":3,"column":23},"end":{"line":7,"column":1}},"line":3}},"branchMap":{},"s":{"0":1,"1":12,"2":2,"3":1},"f":{"0":12},"b":{},"_coverageSchema":"1a1c01bbd47fc00a2c39e90264f33305004495a9","hash":"93666a9a68c3db9a956651b73186e7ff9a9674c3"}
,"/Users/home/Desktop/Programming/RS School/EPAM PL&LT 2025Q1/Custom Lodash Tests/custom-lodash-tests/arrays/utils/push/push.js": {"path":"/Users/home/Desktop/Programming/RS School/EPAM PL&LT 2025Q1/Custom Lodash Tests/custom-lodash-tests/arrays/utils/push/push.js","statementMap":{"0":{"start":{"line":1,"column":19},"end":{"line":1,"column":54}},"1":{"start":{"line":4,"column":2},"end":{"line":4,"column":18}},"2":{"start":{"line":6,"column":2},"end":{"line":6,"column":25}},"3":{"start":{"line":8,"column":2},"end":{"line":8,"column":13}},"4":{"start":{"line":11,"column":0},"end":{"line":11,"column":22}}},"fnMap":{"0":{"name":"push","decl":{"start":{"line":3,"column":9},"end":{"line":3,"column":13}},"loc":{"start":{"line":3,"column":25},"end":{"line":9,"column":1}},"line":3}},"branchMap":{},"s":{"0":8,"1":198,"2":188,"3":188,"4":8},"f":{"0":198},"b":{},"_coverageSchema":"1a1c01bbd47fc00a2c39e90264f33305004495a9","hash":"b957e2d2849569631584ffdde55ba1d22077438b"}
,"/Users/home/Desktop/Programming/RS School/EPAM PL&LT 2025Q1/Custom Lodash Tests/custom-lodash-tests/objects/utils/getProp.js": {"path":"/Users/home/Desktop/Programming/RS School/EPAM PL&LT 2025Q1/Custom Lodash Tests/custom-lodash-tests/objects/utils/getProp.js","statementMap":{"0":{"start":{"line":1,"column":17},"end":{"line":1,"column":60}},"1":{"start":{"line":2,"column":22},"end":{"line":2,"column":75}},"2":{"start":{"line":7,"column":2},"end":{"line":7,"column":38}},"3":{"start":{"line":7,"column":25},"end":{"line":7,"column":38}},"4":{"start":{"line":9,"column":2},"end":{"line":9,"column":29}},"5":{"start":{"line":11,"column":15},"end":{"line":11,"column":21}},"6":{"start":{"line":13,"column":2},"end":{"line":20,"column":3}},"7":{"start":{"line":14,"column":4},"end":{"line":17,"column":5}},"8":{"start":{"line":15,"column":6},"end":{"line":15,"column":27}},"9":{"start":{"line":16,"column":6},"end":{"line":16,"column":15}},"10":{"start":{"line":19,"column":4},"end":{"line":19,"column":24}},"11":{"start":{"line":22,"column":2},"end":{"line":22,"column":16}},"12":{"start":{"line":25,"column":0},"end":{"line":25,"column":25}}},"fnMap":{"0":{"name":"getProp","decl":{"start":{"line":6,"column":9},"end":{"line":6,"column":16}},"loc":{"start":{"line":6,"column":57},"end":{"line":23,"column":1}},"line":6}},"branchMap":{"0":{"loc":{"start":{"line":6,"column":31},"end":{"line":6,"column":55}},"type":"default-arg","locations":[{"start":{"line":6,"column":46},"end":{"line":6,"column":55}}],"line":6},"1":{"loc":{"start":{"line":7,"column":2},"end":{"line":7,"column":38}},"type":"if","locations":[{"start":{"line":7,"column":2},"end":{"line":7,"column":38}},{"start":{},"end":{}}],"line":7},"2":{"loc":{"start":{"line":14,"column":4},"end":{"line":17,"column":5}},"type":"if","locations":[{"start":{"line":14,"column":4},"end":{"line":17,"column":5}},{"start":{},"end":{}}],"line":14}},"s":{"0":5,"1":5,"2":9,"3":0,"4":9,"5":9,"6":9,"7":9,"8":9,"9":9,"10":0,"11":9,"12":5},"f":{"0":9},"b":{"0":[0],"1":[0,9],"2":[9,0]},"_coverageSchema":"1a1c01bbd47fc00a2c39e90264f33305004495a9","hash":"9f4ff2422cbe6f0b9f18820bb493451543072a1e"}
,"/Users/home/Desktop/Programming/RS School/EPAM PL&LT 2025Q1/Custom Lodash Tests/custom-lodash-tests/utils/isMatch/isMatch.js": {"path":"/Users/home/Desktop/Programming/RS School/EPAM PL&LT 2025Q1/Custom Lodash Tests/custom-lodash-tests/utils/isMatch/isMatch.js","statementMap":{"0":{"start":{"line":1,"column":20},"end":{"line":1,"column":57}},"1":{"start":{"line":2,"column":17},"end":{"line":2,"column":48}},"2":{"start":{"line":3,"column":22},"end":{"line":3,"column":63}},"3":{"start":{"line":7,"column":2},"end":{"line":7,"column":64}},"4":{"start":{"line":7,"column":52},"end":{"line":7,"column":64}},"5":{"start":{"line":9,"column":2},"end":{"line":11,"column":3}},"6":{"start":{"line":10,"column":4},"end":{"line":10,"column":29}},"7":{"start":{"line":13,"column":2},"end":{"line":13,"column":37}},"8":{"start":{"line":13,"column":25},"end":{"line":13,"column":37}},"9":{"start":{"line":15,"column":2},"end":{"line":15,"column":71}},"10":{"start":{"line":15,"column":59},"end":{"line":15,"column":71}},"11":{"start":{"line":17,"column":2},"end":{"line":17,"column":68}},"12":{"start":{"line":17,"column":55},"end":{"line":17,"column":68}},"13":{"start":{"line":20,"column":2},"end":{"line":28,"column":3}},"14":{"start":{"line":21,"column":4},"end":{"line":21,"column":54}},"15":{"start":{"line":21,"column":41},"end":{"line":21,"column":54}},"16":{"start":{"line":23,"column":4},"end":{"line":25,"column":5}},"17":{"start":{"line":23,"column":17},"end":{"line":23,"column":18}},"18":{"start":{"line":24,"column":6},"end":{"line":24,"column":55}},"19":{"start":{"line":24,"column":42},"end":{"line":24,"column":55}},"20":{"start":{"line":27,"column":4},"end":{"line":27,"column":16}},"21":{"start":{"line":31,"column":2},"end":{"line":33,"column":3}},"22":{"start":{"line":32,"column":4},"end":{"line":32,"column":49}},"23":{"start":{"line":36,"column":2},"end":{"line":49,"column":3}},"24":{"start":{"line":37,"column":4},"end":{"line":37,"column":39}},"25":{"start":{"line":37,"column":26},"end":{"line":37,"column":39}},"26":{"start":{"line":39,"column":21},"end":{"line":39,"column":32}},"27":{"start":{"line":40,"column":21},"end":{"line":40,"column":32}},"28":{"start":{"line":42,"column":4},"end":{"line":42,"column":67}},"29":{"start":{"line":42,"column":58},"end":{"line":42,"column":67}},"30":{"start":{"line":44,"column":4},"end":{"line":48,"column":5}},"31":{"start":{"line":45,"column":6},"end":{"line":45,"column":53}},"32":{"start":{"line":45,"column":40},"end":{"line":45,"column":53}},"33":{"start":{"line":46,"column":11},"end":{"line":48,"column":5}},"34":{"start":{"line":47,"column":6},"end":{"line":47,"column":19}},"35":{"start":{"line":51,"column":2},"end":{"line":51,"column":14}},"36":{"start":{"line":54,"column":0},"end":{"line":54,"column":25}}},"fnMap":{"0":{"name":"isMatch","decl":{"start":{"line":6,"column":9},"end":{"line":6,"column":16}},"loc":{"start":{"line":6,"column":33},"end":{"line":52,"column":1}},"line":6}},"branchMap":{"0":{"loc":{"start":{"line":7,"column":2},"end":{"line":7,"column":64}},"type":"if","locations":[{"start":{"line":7,"column":2},"end":{"line":7,"column":64}},{"start":{},"end":{}}],"line":7},"1":{"loc":{"start":{"line":7,"column":6},"end":{"line":7,"column":50}},"type":"binary-expr","locations":[{"start":{"line":7,"column":6},"end":{"line":7,"column":26}},{"start":{"line":7,"column":30},"end":{"line":7,"column":50}}],"line":7},"2":{"loc":{"start":{"line":9,"column":2},"end":{"line":11,"column":3}},"type":"if","locations":[{"start":{"line":9,"column":2},"end":{"line":11,"column":3}},{"start":{},"end":{}}],"line":9},"3":{"loc":{"start":{"line":9,"column":6},"end":{"line":9,"column":48}},"type":"binary-expr","locations":[{"start":{"line":9,"column":6},"end":{"line":9,"column":25}},{"start":{"line":9,"column":29},"end":{"line":9,"column":48}}],"line":9},"4":{"loc":{"start":{"line":13,"column":2},"end":{"line":13,"column":37}},"type":"if","locations":[{"start":{"line":13,"column":2},"end":{"line":13,"column":37}},{"start":{},"end":{}}],"line":13},"5":{"loc":{"start":{"line":15,"column":2},"end":{"line":15,"column":71}},"type":"if","locations":[{"start":{"line":15,"column":2},"end":{"line":15,"column":71}},{"start":{},"end":{}}],"line":15},"6":{"loc":{"start":{"line":15,"column":5},"end":{"line":15,"column":57}},"type":"binary-expr","locations":[{"start":{"line":15,"column":5},"end":{"line":15,"column":32}},{"start":{"line":15,"column":36},"end":{"line":15,"column":57}}],"line":15},"7":{"loc":{"start":{"line":17,"column":2},"end":{"line":17,"column":68}},"type":"if","locations":[{"start":{"line":17,"column":2},"end":{"line":17,"column":68}},{"start":{},"end":{}}],"line":17},"8":{"loc":{"start":{"line":20,"column":2},"end":{"line":28,"column":3}},"type":"if","locations":[{"start":{"line":20,"column":2},"end":{"line":28,"column":3}},{"start":{},"end":{}}],"line":20},"9":{"loc":{"start":{"line":20,"column":6},"end":{"line":20,"column":52}},"type":"binary-expr","locations":[{"start":{"line":20,"column":6},"end":{"line":20,"column":27}},{"start":{"line":20,"column":31},"end":{"line":20,"column":52}}],"line":20},"10":{"loc":{"start":{"line":21,"column":4},"end":{"line":21,"column":54}},"type":"if","locations":[{"start":{"line":21,"column":4},"end":{"line":21,"column":54}},{"start":{},"end":{}}],"line":21},"11":{"loc":{"start":{"line":24,"column":6},"end":{"line":24,"column":55}},"type":"if","locations":[{"start":{"line":24,"column":6},"end":{"line":24,"column":55}},{"start":{},"end":{}}],"line":24},"12":{"loc":{"start":{"line":31,"column":2},"end":{"line":33,"column":3}},"type":"if","locations":[{"start":{"line":31,"column":2},"end":{"line":33,"column":3}},{"start":{},"end":{}}],"line":31},"13":{"loc":{"start":{"line":31,"column":6},"end":{"line":31,"column":54}},"type":"binary-expr","locations":[{"start":{"line":31,"column":6},"end":{"line":31,"column":28}},{"start":{"line":31,"column":32},"end":{"line":31,"column":54}}],"line":31},"14":{"loc":{"start":{"line":37,"column":4},"end":{"line":37,"column":39}},"type":"if","locations":[{"start":{"line":37,"column":4},"end":{"line":37,"column":39}},{"start":{},"end":{}}],"line":37},"15":{"loc":{"start":{"line":42,"column":4},"end":{"line":42,"column":67}},"type":"if","locations":[{"start":{"line":42,"column":4},"end":{"line":42,"column":67}},{"start":{},"end":{}}],"line":42},"16":{"loc":{"start":{"line":42,"column":8},"end":{"line":42,"column":56}},"type":"binary-expr","locations":[{"start":{"line":42,"column":8},"end":{"line":42,"column":30}},{"start":{"line":42,"column":34},"end":{"line":42,"column":56}}],"line":42},"17":{"loc":{"start":{"line":44,"column":4},"end":{"line":48,"column":5}},"type":"if","locations":[{"start":{"line":44,"column":4},"end":{"line":48,"column":5}},{"start":{"line":46,"column":11},"end":{"line":48,"column":5}}],"line":44},"18":{"loc":{"start":{"line":44,"column":8},"end":{"line":44,"column":48}},"type":"binary-expr","locations":[{"start":{"line":44,"column":8},"end":{"line":44,"column":26}},{"start":{"line":44,"column":30},"end":{"line":44,"column":48}}],"line":44},"19":{"loc":{"start":{"line":45,"column":6},"end":{"line":45,"column":53}},"type":"if","locations":[{"start":{"line":45,"column":6},"end":{"line":45,"column":53}},{"start":{},"end":{}}],"line":45},"20":{"loc":{"start":{"line":46,"column":11},"end":{"line":48,"column":5}},"type":"if","locations":[{"start":{"line":46,"column":11},"end":{"line":48,"column":5}},{"start":{},"end":{}}],"line":46}},"s":{"0":6,"1":6,"2":6,"3":75,"4":1,"5":74,"6":40,"7":34,"8":3,"9":31,"10":4,"11":27,"12":1,"13":26,"14":8,"15":1,"16":7,"17":7,"18":20,"19":3,"20":4,"21":18,"22":2,"23":16,"24":28,"25":1,"26":27,"27":27,"28":27,"29":0,"30":27,"31":2,"32":1,"33":25,"34":6,"35":8,"36":6},"f":{"0":75},"b":{"0":[1,74],"1":[75,1],"2":[40,34],"3":[74,34],"4":[3,31],"5":[4,27],"6":[31,6],"7":[1,26],"8":[8,18],"9":[26,8],"10":[1,7],"11":[3,17],"12":[2,16],"13":[18,2],"14":[1,27],"15":[0,27],"16":[27,0],"17":[2,25],"18":[27,2],"19":[1,1],"20":[6,19]},"_coverageSchema":"1a1c01bbd47fc00a2c39e90264f33305004495a9","hash":"daf023c9d95e118d14c00bc390fdc729b44a150c"}
,"/Users/home/Desktop/Programming/RS School/EPAM PL&LT 2025Q1/Custom Lodash Tests/custom-lodash-tests/utils/isObject/isObject.js": {"path":"/Users/home/Desktop/Programming/RS School/EPAM PL&LT 2025Q1/Custom Lodash Tests/custom-lodash-tests/utils/isObject/isObject.js","statementMap":{"0":{"start":{"line":2,"column":2},"end":{"line":2,"column":53}},"1":{"start":{"line":5,"column":0},"end":{"line":5,"column":26}}},"fnMap":{"0":{"name":"isObject","decl":{"start":{"line":1,"column":9},"end":{"line":1,"column":17}},"loc":{"start":{"line":1,"column":25},"end":{"line":3,"column":1}},"line":1}},"branchMap":{"0":{"loc":{"start":{"line":2,"column":9},"end":{"line":2,"column":52}},"type":"binary-expr","locations":[{"start":{"line":2,"column":9},"end":{"line":2,"column":34}},{"start":{"line":2,"column":38},"end":{"line":2,"column":52}}],"line":2}},"s":{"0":58,"1":7},"f":{"0":58},"b":{"0":[58,25]},"_coverageSchema":"1a1c01bbd47fc00a2c39e90264f33305004495a9","hash":"cd0682a9d950928ea3a910c1b22925de97384677"}
,"/Users/home/Desktop/Programming/RS School/EPAM PL&LT 2025Q1/Custom Lodash Tests/custom-lodash-tests/utils/isPlainObject/isPlainObject.js": {"path":"/Users/home/Desktop/Programming/RS School/EPAM PL&LT 2025Q1/Custom Lodash Tests/custom-lodash-tests/utils/isPlainObject/isPlainObject.js","statementMap":{"0":{"start":{"line":3,"column":4},"end":{"line":6,"column":42}},"1":{"start":{"line":8,"column":2},"end":{"line":8,"column":16}},"2":{"start":{"line":12,"column":0},"end":{"line":12,"column":31}}},"fnMap":{"0":{"name":"isPlainObject","decl":{"start":{"line":1,"column":9},"end":{"line":1,"column":22}},"loc":{"start":{"line":1,"column":28},"end":{"line":9,"column":1}},"line":1}},"branchMap":{"0":{"loc":{"start":{"line":3,"column":4},"end":{"line":6,"column":42}},"type":"binary-expr","locations":[{"start":{"line":3,"column":4},"end":{"line":3,"column":16}},{"start":{"line":4,"column":4},"end":{"line":4,"column":27}},{"start":{"line":5,"column":5},"end":{"line":5,"column":52}},{"start":{"line":6,"column":6},"end":{"line":6,"column":41}}],"line":3}},"s":{"0":77,"1":77,"2":7},"f":{"0":77},"b":{"0":[77,75,58,27]},"_coverageSchema":"1a1c01bbd47fc00a2c39e90264f33305004495a9","hash":"87881e644e711a59f7a9371c74dc84b24d00da7c"}
,"/Users/home/Desktop/Programming/RS School/EPAM PL&LT 2025Q1/Custom Lodash Tests/custom-lodash-tests/utils/isPrimetive/isPrimetive.js": {"path":"/Users/home/Desktop/Programming/RS School/EPAM PL&LT 2025Q1/Custom Lodash Tests/custom-lodash-tests/utils/isPrimetive/isPrimetive.js","statementMap":{"0":{"start":{"line":2,"column":20},"end":{"line":2,"column":32}},"1":{"start":{"line":4,"column":2},"end":{"line":4,"column":34}},"2":{"start":{"line":4,"column":22},"end":{"line":4,"column":34}},"3":{"start":{"line":6,"column":2},"end":{"line":8,"column":3}},"4":{"start":{"line":7,"column":4},"end":{"line":7,"column":17}},"5":{"start":{"line":10,"column":2},"end":{"line":10,"column":14}},"6":{"start":{"line":13,"column":0},"end":{"line":13,"column":29}}},"fnMap":{"0":{"name":"isPrimetive","decl":{"start":{"line":1,"column":9},"end":{"line":1,"column":20}},"loc":{"start":{"line":1,"column":28},"end":{"line":11,"column":1}},"line":1}},"branchMap":{"0":{"loc":{"start":{"line":4,"column":2},"end":{"line":4,"column":34}},"type":"if","locations":[{"start":{"line":4,"column":2},"end":{"line":4,"column":34}},{"start":{},"end":{}}],"line":4},"1":{"loc":{"start":{"line":6,"column":2},"end":{"line":8,"column":3}},"type":"if","locations":[{"start":{"line":6,"column":2},"end":{"line":8,"column":3}},{"start":{},"end":{}}],"line":6},"2":{"loc":{"start":{"line":6,"column":6},"end":{"line":6,"column":56}},"type":"binary-expr","locations":[{"start":{"line":6,"column":6},"end":{"line":6,"column":28}},{"start":{"line":6,"column":32},"end":{"line":6,"column":56}}],"line":6}},"s":{"0":122,"1":122,"2":3,"3":119,"4":75,"5":44,"6":7},"f":{"0":122},"b":{"0":[3,119],"1":[75,44],"2":[119,47]},"_coverageSchema":"1a1c01bbd47fc00a2c39e90264f33305004495a9","hash":"ad69ac93ac2bee0c3a34d1bf337677e2cfa94631"}
,"/Users/home/Desktop/Programming/RS School/EPAM PL&LT 2025Q1/Custom Lodash Tests/custom-lodash-tests/utils/setPredicate/setPredicate.js": {"path":"/Users/home/Desktop/Programming/RS School/EPAM PL&LT 2025Q1/Custom Lodash Tests/custom-lodash-tests/utils/setPredicate/setPredicate.js","statementMap":{"0":{"start":{"line":1,"column":16},"end":{"line":1,"column":54}},"1":{"start":{"line":2,"column":16},"end":{"line":2,"column":45}},"2":{"start":{"line":3,"column":22},"end":{"line":3,"column":63}},"3":{"start":{"line":9,"column":2},"end":{"line":11,"column":3}},"4":{"start":{"line":10,"column":4},"end":{"line":10,"column":21}},"5":{"start":{"line":13,"column":2},"end":{"line":15,"column":3}},"6":{"start":{"line":14,"column":4},"end":{"line":14,"column":43}},"7":{"start":{"line":14,"column":22},"end":{"line":14,"column":42}},"8":{"start":{"line":17,"column":2},"end":{"line":32,"column":3}},"9":{"start":{"line":18,"column":4},"end":{"line":20,"column":5}},"10":{"start":{"line":19,"column":6},"end":{"line":19,"column":68}},"11":{"start":{"line":22,"column":30},"end":{"line":22,"column":39}},"12":{"start":{"line":24,"column":4},"end":{"line":31,"column":6}},"13":{"start":{"line":25,"column":27},"end":{"line":25,"column":53}},"14":{"start":{"line":26,"column":23},"end":{"line":26,"column":57}},"15":{"start":{"line":28,"column":6},"end":{"line":28,"column":50}},"16":{"start":{"line":28,"column":37},"end":{"line":28,"column":50}},"17":{"start":{"line":30,"column":6},"end":{"line":30,"column":42}},"18":{"start":{"line":34,"column":2},"end":{"line":40,"column":3}},"19":{"start":{"line":35,"column":4},"end":{"line":39,"column":6}},"20":{"start":{"line":36,"column":6},"end":{"line":36,"column":46}},"21":{"start":{"line":36,"column":33},"end":{"line":36,"column":46}},"22":{"start":{"line":38,"column":6},"end":{"line":38,"column":39}},"23":{"start":{"line":42,"column":2},"end":{"line":42,"column":28}},"24":{"start":{"line":42,"column":20},"end":{"line":42,"column":27}},"25":{"start":{"line":45,"column":0},"end":{"line":45,"column":30}}},"fnMap":{"0":{"name":"setPredicate","decl":{"start":{"line":8,"column":9},"end":{"line":8,"column":21}},"loc":{"start":{"line":8,"column":33},"end":{"line":43,"column":1}},"line":8},"1":{"name":"(anonymous_1)","decl":{"start":{"line":14,"column":11},"end":{"line":14,"column":12}},"loc":{"start":{"line":14,"column":22},"end":{"line":14,"column":42}},"line":14},"2":{"name":"(anonymous_2)","decl":{"start":{"line":24,"column":11},"end":{"line":24,"column":12}},"loc":{"start":{"line":24,"column":22},"end":{"line":31,"column":5}},"line":24},"3":{"name":"(anonymous_3)","decl":{"start":{"line":35,"column":11},"end":{"line":35,"column":12}},"loc":{"start":{"line":35,"column":22},"end":{"line":39,"column":5}},"line":35},"4":{"name":"(anonymous_4)","decl":{"start":{"line":42,"column":9},"end":{"line":42,"column":10}},"loc":{"start":{"line":42,"column":20},"end":{"line":42,"column":27}},"line":42}},"branchMap":{"0":{"loc":{"start":{"line":9,"column":2},"end":{"line":11,"column":3}},"type":"if","locations":[{"start":{"line":9,"column":2},"end":{"line":11,"column":3}},{"start":{},"end":{}}],"line":9},"1":{"loc":{"start":{"line":13,"column":2},"end":{"line":15,"column":3}},"type":"if","locations":[{"start":{"line":13,"column":2},"end":{"line":15,"column":3}},{"start":{},"end":{}}],"line":13},"2":{"loc":{"start":{"line":17,"column":2},"end":{"line":32,"column":3}},"type":"if","locations":[{"start":{"line":17,"column":2},"end":{"line":32,"column":3}},{"start":{},"end":{}}],"line":17},"3":{"loc":{"start":{"line":18,"column":4},"end":{"line":20,"column":5}},"type":"if","locations":[{"start":{"line":18,"column":4},"end":{"line":20,"column":5}},{"start":{},"end":{}}],"line":18},"4":{"loc":{"start":{"line":28,"column":6},"end":{"line":28,"column":50}},"type":"if","locations":[{"start":{"line":28,"column":6},"end":{"line":28,"column":50}},{"start":{},"end":{}}],"line":28},"5":{"loc":{"start":{"line":34,"column":2},"end":{"line":40,"column":3}},"type":"if","locations":[{"start":{"line":34,"column":2},"end":{"line":40,"column":3}},{"start":{},"end":{}}],"line":34},"6":{"loc":{"start":{"line":36,"column":6},"end":{"line":36,"column":46}},"type":"if","locations":[{"start":{"line":36,"column":6},"end":{"line":36,"column":46}},{"start":{},"end":{}}],"line":36}},"s":{"0":5,"1":5,"2":5,"3":79,"4":62,"5":17,"6":4,"7":6,"8":13,"9":5,"10":1,"11":4,"12":4,"13":9,"14":9,"15":9,"16":0,"17":9,"18":8,"19":5,"20":11,"21":0,"22":11,"23":3,"24":19,"25":5},"f":{"0":79,"1":6,"2":9,"3":11,"4":19},"b":{"0":[62,17],"1":[4,13],"2":[5,8],"3":[1,4],"4":[0,9],"5":[5,3],"6":[0,11]},"_coverageSchema":"1a1c01bbd47fc00a2c39e90264f33305004495a9","hash":"c942db231eb3ad316f0b25fcc1f03806fdc97858"}
,"/Users/home/Desktop/Programming/RS School/EPAM PL&LT 2025Q1/Custom Lodash Tests/custom-lodash-tests/utils/transformPath/transformPath.js": {"path":"/Users/home/Desktop/Programming/RS School/EPAM PL&LT 2025Q1/Custom Lodash Tests/custom-lodash-tests/utils/transformPath/transformPath.js","statementMap":{"0":{"start":{"line":2,"column":2},"end":{"line":9,"column":3}},"1":{"start":{"line":3,"column":4},"end":{"line":3,"column":45}},"2":{"start":{"line":4,"column":4},"end":{"line":4,"column":53}},"3":{"start":{"line":6,"column":4},"end":{"line":6,"column":27}},"4":{"start":{"line":8,"column":4},"end":{"line":8,"column":16}},"5":{"start":{"line":11,"column":2},"end":{"line":13,"column":3}},"6":{"start":{"line":12,"column":4},"end":{"line":12,"column":70}},"7":{"start":{"line":15,"column":2},"end":{"line":15,"column":14}},"8":{"start":{"line":19,"column":0},"end":{"line":19,"column":31}}},"fnMap":{"0":{"name":"transformPath","decl":{"start":{"line":1,"column":9},"end":{"line":1,"column":22}},"loc":{"start":{"line":1,"column":29},"end":{"line":16,"column":1}},"line":1}},"branchMap":{"0":{"loc":{"start":{"line":2,"column":2},"end":{"line":9,"column":3}},"type":"if","locations":[{"start":{"line":2,"column":2},"end":{"line":9,"column":3}},{"start":{},"end":{}}],"line":2},"1":{"loc":{"start":{"line":11,"column":2},"end":{"line":13,"column":3}},"type":"if","locations":[{"start":{"line":11,"column":2},"end":{"line":13,"column":3}},{"start":{},"end":{}}],"line":11}},"s":{"0":30,"1":19,"2":19,"3":19,"4":19,"5":11,"6":10,"7":1,"8":6},"f":{"0":30},"b":{"0":[19,11],"1":[10,1]},"_coverageSchema":"1a1c01bbd47fc00a2c39e90264f33305004495a9","hash":"84efc27e944293e6720c2a785df674ebe2df5b89"}
}
