TN:
SF:custom-lodash-tests/arrays/chunk/chunk.js
FN:6,chunk
FNF:1
FNH:1
FNDA:33,chunk
DA:1,1
DA:2,1
DA:7,33
DA:9,23
DA:10,9
DA:13,14
DA:15,11
DA:17,11
DA:18,11
DA:20,11
DA:21,32
DA:22,12
DA:24,12
DA:25,12
DA:28,32
DA:29,32
DA:32,11
DA:33,8
DA:36,11
DA:39,1
LF:20
LH:20
BRDA:6,0,0,4
BRDA:9,1,0,9
BRDA:9,1,1,14
BRDA:13,2,0,3
BRDA:13,2,1,11
BRDA:13,3,0,14
BRDA:13,3,1,12
BRDA:21,4,0,12
BRDA:21,4,1,20
BRDA:32,5,0,8
BRDA:32,5,1,3
BRF:11
BRH:11
end_of_record
TN:
SF:custom-lodash-tests/arrays/compact/compact.js
FN:6,compact
FNF:1
FNH:1
FNDA:14,compact
DA:1,1
DA:2,1
DA:7,14
DA:9,4
DA:11,4
DA:12,18
DA:14,6
DA:17,4
DA:20,1
LF:9
LH:9
BRDA:12,0,0,12
BRDA:12,0,1,6
BRF:2
BRH:2
end_of_record
TN:
SF:custom-lodash-tests/arrays/drop/drop.js
FN:6,drop
FNF:1
FNH:1
FNDA:45,drop
DA:1,2
DA:2,2
DA:7,45
DA:9,35
DA:10,10
DA:13,35
DA:15,35
DA:16,76
DA:19,35
DA:22,2
LF:10
LH:10
BRDA:6,0,0,2
BRDA:9,1,0,10
BRDA:9,1,1,25
BRDA:9,2,0,35
BRDA:9,2,1,34
BRDA:9,2,2,26
BRF:6
BRH:6
end_of_record
TN:
SF:custom-lodash-tests/arrays/dropWhile/dropWhile.js
FN:8,dropWhile
FNF:1
FNH:1
FNDA:20,dropWhile
DA:1,1
DA:2,1
DA:3,1
DA:9,20
DA:11,10
DA:13,10
DA:15,10
DA:16,27
DA:18,27
DA:19,6
DA:20,6
DA:24,10
DA:26,10
DA:29,1
LF:14
LH:14
BRDA:18,0,0,6
BRDA:18,0,1,21
BRF:2
BRH:2
end_of_record
TN:
SF:custom-lodash-tests/arrays/filter/filter.js
FN:8,filter
FNF:1
FNH:1
FNDA:27,filter
DA:1,1
DA:2,1
DA:3,1
DA:9,27
DA:10,10
DA:13,17
DA:15,17
DA:19,17
DA:21,17
DA:23,17
DA:24,65
DA:26,65
DA:28,31
DA:29,7
DA:31,7
DA:33,24
DA:37,17
DA:41,1
LF:18
LH:18
BRDA:9,0,0,10
BRDA:9,0,1,17
BRDA:9,1,0,27
BRDA:9,1,1,14
BRDA:15,2,0,13
BRDA:15,2,1,4
BRDA:26,3,0,34
BRDA:26,3,1,31
BRDA:28,4,0,7
BRDA:28,4,1,24
BRF:10
BRH:10
end_of_record
TN:
SF:custom-lodash-tests/arrays/find/find.js
FN:6,find
FNF:1
FNH:1
FNDA:59,find
DA:1,2
DA:2,2
DA:7,59
DA:9,49
DA:11,49
DA:12,16
DA:15,49
DA:16,4
DA:17,4
DA:20,49
DA:21,136
DA:23,136
DA:26,11
DA:29,2
LF:14
LH:14
BRDA:6,0,0,19
BRDA:11,1,0,16
BRDA:11,1,1,33
BRDA:11,2,0,49
BRDA:11,2,1,33
BRDA:15,3,0,4
BRDA:15,3,1,45
BRDA:17,4,0,2
BRDA:17,4,1,2
BRDA:23,5,0,38
BRDA:23,5,1,98
BRF:11
BRH:11
end_of_record
TN:
SF:custom-lodash-tests/arrays/includes/includes.js
FN:6,includes
FN:14,(anonymous_1)
FNF:2
FNH:2
FNDA:36,includes
FNDA:84,(anonymous_1)
DA:1,1
DA:2,1
DA:3,1
DA:7,36
DA:9,26
DA:12,25
DA:15,84
DA:16,1
DA:19,83
DA:24,25
DA:25,6
DA:28,19
DA:31,1
LF:13
LH:13
BRDA:6,0,0,22
BRDA:9,1,0,1
BRDA:9,1,1,25
BRDA:15,2,0,1
BRDA:15,2,1,83
BRDA:15,3,0,84
BRDA:15,3,1,1
BRDA:24,4,0,6
BRDA:24,4,1,19
BRDA:24,5,0,25
BRDA:24,5,1,8
BRF:11
BRH:11
end_of_record
TN:
SF:custom-lodash-tests/arrays/map/map.js
FN:6,map
FN:6,(anonymous_1)
FNF:2
FNH:2
FNDA:15,map
FNDA:9,(anonymous_1)
DA:1,1
DA:2,1
DA:6,9
DA:7,15
DA:9,5
DA:11,5
DA:12,12
DA:14,12
DA:17,5
DA:20,1
LF:10
LH:10
BRDA:6,0,0,3
BRF:1
BRH:1
end_of_record
TN:
SF:custom-lodash-tests/arrays/take/take.js
FN:5,take
FNF:1
FNH:1
FNDA:18,take
DA:1,1
DA:2,1
DA:6,18
DA:8,8
DA:10,8
DA:11,9
DA:14,8
DA:17,1
LF:8
LH:8
BRDA:5,0,0,2
BRDA:10,1,0,17
BRDA:10,1,1,11
BRF:3
BRH:3
end_of_record
TN:
SF:custom-lodash-tests/arrays/utils/arrayCheck/arrayCheck.js
FN:1,arrayCheck
FNF:1
FNH:1
FNDA:466,arrayCheck
DA:2,466
DA:3,110
DA:7,12
LF:3
LH:3
BRDA:2,0,0,110
BRDA:2,0,1,356
BRF:2
BRH:2
end_of_record
TN:
SF:custom-lodash-tests/arrays/utils/pickLast/pickLast.js
FN:3,pickLast
FNF:1
FNH:1
FNDA:12,pickLast
DA:1,1
DA:4,12
DA:6,2
DA:9,1
LF:4
LH:4
BRF:0
BRH:0
end_of_record
TN:
SF:custom-lodash-tests/arrays/utils/push/push.js
FN:3,push
FNF:1
FNH:1
FNDA:198,push
DA:1,8
DA:4,198
DA:6,188
DA:8,188
DA:11,8
LF:5
LH:5
BRF:0
BRH:0
end_of_record
TN:
SF:custom-lodash-tests/objects/utils/getProp.js
FN:6,getProp
FNF:1
FNH:1
FNDA:9,getProp
DA:1,5
DA:2,5
DA:7,9
DA:9,9
DA:11,9
DA:13,9
DA:14,9
DA:15,9
DA:16,9
DA:19,0
DA:22,9
DA:25,5
LF:12
LH:11
BRDA:6,0,0,0
BRDA:7,1,0,0
BRDA:7,1,1,9
BRDA:14,2,0,9
BRDA:14,2,1,0
BRF:5
BRH:2
end_of_record
TN:
SF:custom-lodash-tests/utils/isMatch/isMatch.js
FN:6,isMatch
FNF:1
FNH:1
FNDA:75,isMatch
DA:1,6
DA:2,6
DA:3,6
DA:7,75
DA:9,74
DA:10,40
DA:13,34
DA:15,31
DA:17,27
DA:20,26
DA:21,8
DA:23,7
DA:24,20
DA:27,4
DA:31,18
DA:32,2
DA:36,16
DA:37,28
DA:39,27
DA:40,27
DA:42,27
DA:44,27
DA:45,2
DA:46,25
DA:47,6
DA:51,8
DA:54,6
LF:27
LH:27
BRDA:7,0,0,1
BRDA:7,0,1,74
BRDA:7,1,0,75
BRDA:7,1,1,1
BRDA:9,2,0,40
BRDA:9,2,1,34
BRDA:9,3,0,74
BRDA:9,3,1,34
BRDA:13,4,0,3
BRDA:13,4,1,31
BRDA:15,5,0,4
BRDA:15,5,1,27
BRDA:15,6,0,31
BRDA:15,6,1,6
BRDA:17,7,0,1
BRDA:17,7,1,26
BRDA:20,8,0,8
BRDA:20,8,1,18
BRDA:20,9,0,26
BRDA:20,9,1,8
BRDA:21,10,0,1
BRDA:21,10,1,7
BRDA:24,11,0,3
BRDA:24,11,1,17
BRDA:31,12,0,2
BRDA:31,12,1,16
BRDA:31,13,0,18
BRDA:31,13,1,2
BRDA:37,14,0,1
BRDA:37,14,1,27
BRDA:42,15,0,0
BRDA:42,15,1,27
BRDA:42,16,0,27
BRDA:42,16,1,0
BRDA:44,17,0,2
BRDA:44,17,1,25
BRDA:44,18,0,27
BRDA:44,18,1,2
BRDA:45,19,0,1
BRDA:45,19,1,1
BRDA:46,20,0,6
BRDA:46,20,1,19
BRF:42
BRH:40
end_of_record
TN:
SF:custom-lodash-tests/utils/isObject/isObject.js
FN:1,isObject
FNF:1
FNH:1
FNDA:58,isObject
DA:2,58
DA:5,7
LF:2
LH:2
BRDA:2,0,0,58
BRDA:2,0,1,25
BRF:2
BRH:2
end_of_record
TN:
SF:custom-lodash-tests/utils/isPlainObject/isPlainObject.js
FN:1,isPlainObject
FNF:1
FNH:1
FNDA:77,isPlainObject
DA:3,77
DA:8,77
DA:12,7
LF:3
LH:3
BRDA:3,0,0,77
BRDA:3,0,1,75
BRDA:3,0,2,58
BRDA:3,0,3,27
BRF:4
BRH:4
end_of_record
TN:
SF:custom-lodash-tests/utils/isPrimetive/isPrimetive.js
FN:1,isPrimetive
FNF:1
FNH:1
FNDA:122,isPrimetive
DA:2,122
DA:4,122
DA:6,119
DA:7,75
DA:10,44
DA:13,7
LF:6
LH:6
BRDA:4,0,0,3
BRDA:4,0,1,119
BRDA:6,1,0,75
BRDA:6,1,1,44
BRDA:6,2,0,119
BRDA:6,2,1,47
BRF:6
BRH:6
end_of_record
TN:
SF:custom-lodash-tests/utils/setPredicate/setPredicate.js
FN:8,setPredicate
FN:14,(anonymous_1)
FN:24,(anonymous_2)
FN:35,(anonymous_3)
FN:42,(anonymous_4)
FNF:5
FNH:5
FNDA:79,setPredicate
FNDA:6,(anonymous_1)
FNDA:9,(anonymous_2)
FNDA:11,(anonymous_3)
FNDA:19,(anonymous_4)
DA:1,5
DA:2,5
DA:3,5
DA:9,79
DA:10,62
DA:13,17
DA:14,6
DA:17,13
DA:18,5
DA:19,1
DA:22,4
DA:24,4
DA:25,9
DA:26,9
DA:28,9
DA:30,9
DA:34,8
DA:35,5
DA:36,11
DA:38,11
DA:42,19
DA:45,5
LF:22
LH:22
BRDA:9,0,0,62
BRDA:9,0,1,17
BRDA:13,1,0,4
BRDA:13,1,1,13
BRDA:17,2,0,5
BRDA:17,2,1,8
BRDA:18,3,0,1
BRDA:18,3,1,4
BRDA:28,4,0,0
BRDA:28,4,1,9
BRDA:34,5,0,5
BRDA:34,5,1,3
BRDA:36,6,0,0
BRDA:36,6,1,11
BRF:14
BRH:12
end_of_record
TN:
SF:custom-lodash-tests/utils/transformPath/transformPath.js
FN:1,transformPath
FNF:1
FNH:1
FNDA:30,transformPath
DA:2,30
DA:3,19
DA:4,19
DA:6,19
DA:8,19
DA:11,11
DA:12,10
DA:15,1
DA:19,6
LF:9
LH:9
BRDA:2,0,0,19
BRDA:2,0,1,11
BRDA:11,1,0,10
BRDA:11,1,1,1
BRF:4
BRH:4
end_of_record
